{
  "timestamp": "2025-08-15T17:21:22.900Z",
  "level": "info",
  "message": "🚀 Servidor rodando na porta 3000",
  "data": null
}
{
  "timestamp": "2025-08-15T17:21:42.015Z",
  "level": "info",
  "message": "🚀 Servidor rodando na porta 3000",
  "data": null
}
{
  "timestamp": "2025-08-15T17:22:35.852Z",
  "level": "info",
  "message": "🚀 Servidor rodando na porta 3000",
  "data": null
}
{
  "timestamp": "2025-08-15T17:24:24.571Z",
  "level": "info",
  "message": "🚀 Servidor rodando na porta 3000",
  "data": null
}
{
  "timestamp": "2025-08-15T17:24:36.363Z",
  "level": "info",
  "message": "🚀 Servidor rodando na porta 3000",
  "data": null
}
{
  "timestamp": "2025-08-15T17:24:56.087Z",
  "level": "info",
  "message": "🚀 Servidor rodando na porta 3000",
  "data": null
}
{
  "timestamp": "2025-08-15T17:24:59.484Z",
  "level": "info",
  "message": "🚀 Servidor rodando na porta 3000",
  "data": null
}
{
  "timestamp": "2025-08-15T17:25:30.578Z",
  "level": "info",
  "message": "🚀 Servidor rodando na porta 3000",
  "data": null
}
{
  "timestamp": "2025-08-15T17:25:35.721Z",
  "level": "info",
  "message": "🚀 Servidor rodando na porta 3000",
  "data": null
}
{
  "timestamp": "2025-08-15T17:25:48.164Z",
  "level": "info",
  "message": "🚀 Servidor rodando na porta 3000",
  "data": null
}
{
  "timestamp": "2025-08-15T17:26:32.086Z",
  "level": "info",
  "message": "Verificação webhook - Mode: subscribe, Token recebido: meu_token_secreto_123",
  "data": null
}
{
  "timestamp": "2025-08-15T17:26:32.087Z",
  "level": "info",
  "message": "Webhook verificado com sucesso",
  "data": null
}
{
  "timestamp": "2025-08-15T17:27:26.988Z",
  "level": "info",
  "message": "Verificação webhook - Mode: subscribe, Token recebido: meu_token_secreto_123",
  "data": null
}
{
  "timestamp": "2025-08-15T17:27:26.989Z",
  "level": "info",
  "message": "Webhook verificado com sucesso",
  "data": null
}
{
  "timestamp": "2025-08-15T18:03:05.333Z",
  "level": "info",
  "message": "🚀 Servidor rodando na porta 3000",
  "data": null
}
{
  "timestamp": "2025-08-15T18:05:25.016Z",
  "level": "info",
  "message": "🚀 Servidor rodando na porta 3000",
  "data": null
}
{
  "timestamp": "2025-08-15T18:05:39.554Z",
  "level": "info",
  "message": "🚀 Servidor rodando na porta 3000",
  "data": null
}
{
  "timestamp": "2025-08-15T18:08:41.559Z",
  "level": "info",
  "message": "🚀 Servidor rodando na porta 3000",
  "data": null
}
{
  "timestamp": "2025-08-15T18:08:41.868Z",
  "level": "info",
  "message": "🚀 Servidor rodando na porta 3000",
  "data": null
}
{
  "timestamp": "2025-08-15T18:08:53.216Z",
  "level": "info",
  "message": "🚀 Servidor rodando na porta 3000",
  "data": null
}
{
  "timestamp": "2025-08-15T18:10:49.940Z",
  "level": "info",
  "message": "🚀 Servidor rodando na porta 3000",
  "data": null
}
{
  "timestamp": "2025-08-15T18:21:15.238Z",
  "level": "info",
  "message": "🚀 Servidor rodando na porta 3000",
  "data": null
}
{
  "timestamp": "2025-08-15T18:21:17.271Z",
  "level": "info",
  "message": "🚀 Servidor rodando na porta 3000",
  "data": null
}
{
  "timestamp": "2025-08-15T18:22:26.451Z",
  "level": "info",
  "message": "🚀 Servidor rodando na porta 3000",
  "data": null
}
{
  "timestamp": "2025-08-15T18:36:13.269Z",
  "level": "info",
  "message": "🚀 Servidor rodando na porta 3000",
  "data": null
}
{
  "timestamp": "2025-08-15T18:36:15.427Z",
  "level": "info",
  "message": "🚀 Servidor rodando na porta 3000",
  "data": null
}
{
  "timestamp": "2025-08-15T18:58:34.906Z",
  "level": "info",
  "message": "🚀 Servidor rodando na porta 3000",
  "data": null
}
{
  "timestamp": "2025-08-15T18:59:17.382Z",
  "level": "info",
  "message": "Webhook recebido:",
  "data": "{}"
}
{
  "timestamp": "2025-08-15T18:59:46.060Z",
  "level": "info",
  "message": "Webhook recebido:",
  "data": "{}"
}
{
  "timestamp": "2025-08-15T19:02:53.361Z",
  "level": "info",
  "message": "Webhook recebido:",
  "data": "{\n  \"teste\": \"ok\"\n}"
}
{
  "timestamp": "2025-08-15T19:02:54.586Z",
  "level": "info",
  "message": "Webhook recebido:",
  "data": "{\n  \"teste\": \"ok\"\n}"
}
{
  "timestamp": "2025-08-15T19:02:54.930Z",
  "level": "info",
  "message": "Webhook recebido:",
  "data": "{\n  \"teste\": \"ok\"\n}"
}
{
  "timestamp": "2025-08-15T19:04:41.560Z",
  "level": "info",
  "message": "🚀 Servidor rodando na porta 3000",
  "data": null
}
{
  "timestamp": "2025-08-15T19:05:11.495Z",
  "level": "info",
  "message": "Webhook recebido:",
  "data": "{\n  \"teste\": \"ok\"\n}"
}
{
  "timestamp": "2025-08-15T19:05:26.533Z",
  "level": "info",
  "message": "Webhook recebido:",
  "data": "{\n  \"teste\": \"ok\"\n}"
}
{
  "timestamp": "2025-08-15T19:06:11.958Z",
  "level": "info",
  "message": "Webhook recebido:",
  "data": "{\n  \"teste\": \"ok\"\n}"
}
{
  "timestamp": "2025-08-15T19:20:44.705Z",
  "level": "info",
  "message": "🚀 Servidor rodando na porta 3000",
  "data": null
}
{
  "timestamp": "2025-08-15T19:20:44.923Z",
  "level": "info",
  "message": "🚀 Servidor rodando na porta 3000",
  "data": null
}
{
  "timestamp": "2025-08-15T19:20:53.987Z",
  "level": "info",
  "message": "🚀 Servidor rodando na porta 3000",
  "data": null
}
{
  "timestamp": "2025-08-15T19:20:54.181Z",
  "level": "info",
  "message": "🚀 Servidor rodando na porta 3000",
  "data": null
}
{
  "timestamp": "2025-08-15T19:25:46.759Z",
  "level": "info",
  "message": "🚀 Servidor rodando na porta 3000",
  "data": null
}
{
  "timestamp": "2025-08-15T19:25:46.995Z",
  "level": "info",
  "message": "🚀 Servidor rodando na porta 3000",
  "data": null
}
{
  "timestamp": "2025-08-15T19:25:47.976Z",
  "level": "info",
  "message": "🚀 Servidor rodando na porta 3000",
  "data": null
}
{
  "timestamp": "2025-08-15T19:25:48.163Z",
  "level": "info",
  "message": "🚀 Servidor rodando na porta 3000",
  "data": null
}
